spec_init
Loading Input Data
Input data 5242880 bytes in length
Compressing Input Data, level 5
Compressed data 1884648 bytes in length
Uncompressing Data
Uncompressed data 5242880 bytes in length
Uncompressed data compared correctly
Compressing Input Data, level 7
Compressed data 1950538 bytes in length
Uncompressing Data
Uncompressed data 5242880 bytes in length
Uncompressed data compared correctly
Compressing Input Data, level 9
Compressed data 1918820 bytes in length
Uncompressing Data
Uncompressed data 5242880 bytes in length
Uncompressed data compared correctly
Tested 5MB buffer: OK!
=====performance_counters=====
7625 q0_0
107884445 q1_0
61135374 q2_0
9631 q0_1
2834600353 q1_1
1322473710 q2_1
121052858 branch_misp
1694800135 branch_res
379310028 ticks (ns)
18965500260 cycles
12340758309 instructions
1.53 CPI
74 syscalls
93 frontend_syscalls
33911950 frontend_syscall_cycles
22585206 frontend_syscall_instructions
