spec_init
Loading Input Data
Input data 5242880 bytes in length
Compressing Input Data, level 5
Compressed data 1884648 bytes in length
Uncompressing Data
Uncompressed data 5242880 bytes in length
Uncompressed data compared correctly
Compressing Input Data, level 7
Compressed data 1950538 bytes in length
Uncompressing Data
Uncompressed data 5242880 bytes in length
Uncompressed data compared correctly
Compressing Input Data, level 9
Compressed data 1918820 bytes in length
Uncompressing Data
Uncompressed data 5242880 bytes in length
Uncompressed data compared correctly
Tested 5MB buffer: OK!
=====performance_counters=====
8237099602 q0_0
0 q1_0
0 q2_0
8193033412 q0_1
0 q1_1
0 q2_1
219879649 branch_misp
1693760384 branch_res
348001666 ticks (ns)
17400082071 cycles
12355839831 instructions
1.40 CPI
74 syscalls
93 frontend_syscalls
37995414 frontend_syscall_cycles
37850658 frontend_syscall_instructions
