
MCF SPEC CPU2006 version 1.10
Copyright (c) 1998-2000 Zuse Institut Berlin (ZIB)
Copyright (c) 2000-2002 Andreas Loebel & ZIB
Copyright (c) 2003-2005 Andreas Loebel

nodes                      : 5985
active arcs                : 102404
simplex iterations         : 63475
objective value            : 3180065918
new implicit arcs          : 2393292
active arcs                : 2495696
simplex iterations         : 118645
objective value            : 2060055866
erased arcs                : 2387557
checksum                   : 2997477
done
=====performance_counters=====
3112408716 q0_0
0 q1_0
0 q2_0
3070635939 q0_1
0 q1_1
0 q2_1
174297921 branch_misp
1132147375 branch_res
388610793 ticks (ns)
19430538474 cycles
3408751588 instructions
5.70 CPI
173 syscalls
204 frontend_syscalls
11514404 frontend_syscall_cycles
11037068 frontend_syscall_instructions
