Small Path Finding Library
Read configuration file
Create ways
lake.bin
Create regional map time : 0

Create ways time : 0
Ways quantity : 2318
Total way length : 607363

Create reg ways time : 0
Reg ways quantity : 21248
Total reg way length : 1005921

Create river ways time : 0
River ways quantity : 250
Total river way length : 39000
Create land ways time : 0
Land ways quantity : 250
Total land way length : 54956

Create ways
Random map
Create regional map time : 0

Create ways time : 0
Ways quantity : 3875
Total way length : 612234

Create reg ways time : 0
Reg ways quantity : 29222
Total reg way length : 1009555

Create river ways time : 0
River ways quantity : 0
Total river way length : 0
Create land ways time : 0
Land ways quantity : 0
Total land way length : 0

=====performance_counters=====
8259218360 q0_0
4507900125 q1_0
15770435263 q2_0
8395549228 q0_1
3947311770 q1_1
15779512084 q2_1
1215958267 branch_misp
4448697372 branch_res
1329399038 ticks (ns)
66469950615 cycles
24579271404 instructions
2.70 CPI
76 syscalls
98 frontend_syscalls
3320419 frontend_syscall_cycles
3216834 frontend_syscall_instructions
