= black

=1 1 T7

= black

=2 1 M1

= black

=3 0

= black

=4 0

= black

=5 0

= black

=6 1 N2

= black

=7 1 S2

= black

=8 3 G8

= black

=9 0

= black

=10 1 P11

= black

=11 0

= black

=12 0

= black

=13 0

= black

=14 0

= black

=15 0

= black

=16 1 A15

= black

=17 1 G6

= black

=18 1 F6

=====performance_counters=====
214347246 q0_0
58781009 q1_0
215972247 q2_0
227516902 q0_1
53371366 q1_1
198902258 q2_1
21929751 branch_misp
70841741 branch_res
19429014 ticks (ns)
971449434 cycles
461437881 instructions
2.10 CPI
247 syscalls
319 frontend_syscalls
17886095 frontend_syscall_cycles
17393564 frontend_syscall_instructions
