
MCF SPEC CPU2006 version 1.10
Copyright (c) 1998-2000 Zuse Institut Berlin (ZIB)
Copyright (c) 2000-2002 Andreas Loebel & ZIB
Copyright (c) 2003-2005 Andreas Loebel

nodes                      : 5985
active arcs                : 102404
simplex iterations         : 63475
objective value            : 3180065918
new implicit arcs          : 2393292
active arcs                : 2495696
simplex iterations         : 118645
objective value            : 2060055866
erased arcs                : 2387557
checksum                   : 2997477
done
=====performance_counters=====
1248065434 q0_0
434182819 q1_0
1564544856 q2_0
1510444612 q0_1
335713680 q1_1
1345340162 q2_1
135357518 branch_misp
878773097 branch_res
380315639 ticks (ns)
19015780765 cycles
3407104938 instructions
5.58 CPI
173 syscalls
204 frontend_syscalls
9454796 frontend_syscall_cycles
9227182 frontend_syscall_instructions
