= black

=1 1 T7

= black

=2 1 M1

= black

=3 0

= black

=4 0

= black

=5 0

= black

=6 1 N2

= black

=7 1 S2

= black

=8 3 G8

= black

=9 0

= black

=10 1 P11

= black

=11 0

= black

=12 0

= black

=13 0

= black

=14 0

= black

=15 0

= black

=16 1 A15

= black

=17 1 G6

= black

=18 1 F6

=====performance_counters=====
590497052 q0_0
0 q1_0
0 q2_0
6027 q0_1
0 q1_1
0 q2_1
22567734 branch_misp
71926029 branch_res
19477521 ticks (ns)
973874822 cycles
464564215 instructions
2.09 CPI
247 syscalls
319 frontend_syscalls
22371968 frontend_syscall_cycles
19838662 frontend_syscall_instructions
