
MCF SPEC CPU2006 version 1.10
Copyright (c) 1998-2000 Zuse Institut Berlin (ZIB)
Copyright (c) 2000-2002 Andreas Loebel & ZIB
Copyright (c) 2003-2005 Andreas Loebel

nodes                      : 5985
active arcs                : 102404
simplex iterations         : 63475
objective value            : 3180065918
new implicit arcs          : 2393292
active arcs                : 2495696
simplex iterations         : 118645
objective value            : 2060055866
erased arcs                : 2387557
checksum                   : 2997477
done
=====performance_counters=====
5197354901 q0_0
0 q1_0
0 q2_0
99108 q0_1
0 q1_1
0 q2_1
224526505 branch_misp
1025778123 branch_res
392900887 ticks (ns)
19645043154 cycles
3407832560 instructions
5.76 CPI
173 syscalls
204 frontend_syscalls
11342079 frontend_syscall_cycles
10076398 frontend_syscall_instructions
