
MCF SPEC CPU2006 version 1.10
Copyright (c) 1998-2000 Zuse Institut Berlin (ZIB)
Copyright (c) 2000-2002 Andreas Loebel & ZIB
Copyright (c) 2003-2005 Andreas Loebel

nodes                      : 5985
active arcs                : 102404
simplex iterations         : 63475
objective value            : 3180065918
new implicit arcs          : 2393292
active arcs                : 2495696
simplex iterations         : 118645
objective value            : 2060055866
erased arcs                : 2387557
checksum                   : 2997477
done
=====performance_counters=====
689863064 q0_0
897526116 q1_0
1670985134 q2_0
652441306 q0_1
601599039 q1_1
1940681125 q2_1
167412834 branch_misp
1108171048 branch_res
369513478 ticks (ns)
18475672693 cycles
3408915166 instructions
5.41 CPI
173 syscalls
204 frontend_syscalls
11352809 frontend_syscall_cycles
11207224 frontend_syscall_instructions
