Small Path Finding Library
Read configuration file
Create ways
lake.bin
Create regional map time : 0

Create ways time : 0
Ways quantity : 2318
Total way length : 607363

Create reg ways time : 0
Reg ways quantity : 21248
Total reg way length : 1005921

Create river ways time : 0
River ways quantity : 250
Total river way length : 39000
Create land ways time : 0
Land ways quantity : 250
Total land way length : 54956

Create ways
Random map
Create regional map time : 0

Create ways time : 0
Ways quantity : 3875
Total way length : 612234

Create reg ways time : 0
Reg ways quantity : 29222
Total reg way length : 1009555

Create river ways time : 0
River ways quantity : 0
Total river way length : 0
Create land ways time : 0
Land ways quantity : 0
Total land way length : 0

=====performance_counters=====
24966615234 q0_0
0 q1_0
0 q2_0
24547050762 q0_1
0 q1_1
0 q2_1
1398736378 branch_misp
4937771048 branch_res
1303171807 ticks (ns)
65158589159 cycles
24580715410 instructions
2.65 CPI
76 syscalls
98 frontend_syscalls
5203963 frontend_syscall_cycles
4814574 frontend_syscall_instructions
