
MCF SPEC CPU2006 version 1.10
Copyright (c) 1998-2000 Zuse Institut Berlin (ZIB)
Copyright (c) 2000-2002 Andreas Loebel & ZIB
Copyright (c) 2003-2005 Andreas Loebel

nodes                      : 5985
active arcs                : 102404
simplex iterations         : 63475
objective value            : 3180065918
new implicit arcs          : 2393292
active arcs                : 2495696
simplex iterations         : 118645
objective value            : 2060055866
erased arcs                : 2387557
checksum                   : 2997477
done
=====performance_counters=====
3064320502 q0_0
0 q1_0
0 q2_0
3021591438 q0_1
0 q1_1
0 q2_1
171322600 branch_misp
1124003522 branch_res
368221033 ticks (ns)
18411050386 cycles
3408837888 instructions
5.40 CPI
173 syscalls
204 frontend_syscalls
11314169 frontend_syscall_cycles
11129564 frontend_syscall_instructions
