Small Path Finding Library
Read configuration file
Create ways
lake.bin
Create regional map time : 0

Create ways time : 0
Ways quantity : 2318
Total way length : 607363

Create reg ways time : 0
Reg ways quantity : 21248
Total reg way length : 1005921

Create river ways time : 0
River ways quantity : 250
Total river way length : 39000
Create land ways time : 0
Land ways quantity : 250
Total land way length : 54956

Create ways
Random map
Create regional map time : 0

Create ways time : 0
Ways quantity : 3875
Total way length : 612234

Create reg ways time : 0
Reg ways quantity : 29222
Total reg way length : 1009555

Create river ways time : 0
River ways quantity : 0
Total river way length : 0
Create land ways time : 0
Land ways quantity : 0
Total land way length : 0

=====performance_counters=====
17082304869 q0_0
8283663767 q1_0
0 q2_0
9697672647 q0_1
5290428675 q1_1
0 q2_1
1281474220 branch_misp
4518980908 branch_res
1306406454 ticks (ns)
65320321452 cycles
24579210184 instructions
2.65 CPI
76 syscalls
98 frontend_syscalls
3318733 frontend_syscall_cycles
3153364 frontend_syscall_instructions
