spec_init
Loading Input Data
Input data 5242880 bytes in length
Compressing Input Data, level 5
Compressed data 1884648 bytes in length
Uncompressing Data
Uncompressed data 5242880 bytes in length
Uncompressed data compared correctly
Compressing Input Data, level 7
Compressed data 1950538 bytes in length
Uncompressing Data
Uncompressed data 5242880 bytes in length
Uncompressed data compared correctly
Compressing Input Data, level 9
Compressed data 1918820 bytes in length
Uncompressing Data
Uncompressed data 5242880 bytes in length
Uncompressed data compared correctly
Tested 5MB buffer: OK!
=====performance_counters=====
5281995022 q0_0
4654393551 q1_0
0 q2_0
4156009385 q0_1
1220864958 q1_1
0 q2_1
232935336 branch_misp
1711676861 branch_res
394349036 ticks (ns)
19717450668 cycles
12351957965 instructions
1.59 CPI
74 syscalls
93 frontend_syscalls
33904619 frontend_syscall_cycles
33821974 frontend_syscall_instructions
