
************************************************************

CalculiX DEVELOPMENT VERSION, Copyright(C) 1998 Guido Dhondt
CalculiX comes with ABSOLUTELY NO WARRANTY. This is free
software, and you are welcome to redistribute it under
certain conditions, see gpl.htm

************************************************************

 nload =            0
 nforc =            9
 nboun =           63
 nk =          261
 ne =           32
 ne1d =            0
 ne2d =            0
 nmpc =            1
 nset =            5
 nalset =          100
 nmat =            1
 ncmat =            2
 ntmat =            1
 npmat =            0
 norien =            0
 nam =            0
 namtot =            0
 noprint =          261
 neprint =           32
 mint =            8
 ntrans =            0
 ncs =            0
 memmpc =            1

 STEP            1

 Static analysis was selected

Decascading the MPC's

Renumbering the nodes to decrease the profile:
 old profile =            0 *2147483647+       25326
 new profile =            0 *2147483647+        7317

Determining the structure of the matrix:
number of equations
720
number of nonzero matrix elements
38178
total length of the skyline
0*2147483647+58986
percentage of nonzero skyline elements
63.943322

 Printing nodal quantities

 Printing element quantities

=====performance_counters=====
97077973 q0_0
50799428 q1_0
0 q2_0
48048168 q0_1
18943634 q1_1
0 q2_1
4781820 branch_misp
37775152 branch_res
5712466 ticks (ns)
285622128 cycles
181121869 instructions
1.57 CPI
1375 syscalls
1572 frontend_syscalls
14354420 frontend_syscall_cycles
12311152 frontend_syscall_instructions
