= black

=1 1 Q6

= black

=2 0

= black

=3 0

= black

=4 0

= black

=5 0

= black

=6 0

= black

=7 0

= black

=8 0

= black

=9 0

= black

=10 1 B7

= black

=11 1 B7

= black

=12 0

= black

=13 1 B1

= black

=14 1 F5

= black

=15 0

= black

=16 1 D5

= black

=17 1 N11

= black

=18 1 N11

= black

=19 1 O12

= black

=20 1 O12

= black

=21 1 O12

= black

=22 1 O12

= black

=23 1 N5

= black

=24 0

= black

=25 1 G1

= black

=26 1 F1

= black

=27 0

= black

=28 1 G7

= black

=29 0

= black

TIMEOUT! stopping fesvr
