= black

=1 1 T7

= black

=2 1 M1

= black

=3 0

= black

=4 0

= black

=5 0

= black

=6 1 N2

= black

=7 1 S2

= black

=8 3 G8

= black

=9 0

= black

=10 1 P11

= black

=11 0

= black

=12 0

= black

=13 0

= black

=14 0

= black

=15 0

= black

=16 1 A15

= black

=17 1 G6

= black

=18 1 F6

=====performance_counters=====
310378877 q0_0
125494435 q1_0
0 q2_0
169628191 q0_1
27150232 q1_1
0 q2_1
24287477 branch_misp
73328732 branch_res
18360338 ticks (ns)
918015682 cycles
461450819 instructions
1.98 CPI
247 syscalls
319 frontend_syscalls
17895561 frontend_syscall_cycles
17429528 frontend_syscall_instructions
