spec_init
Loading Input Data
Duplicating 278475 bytes
Duplicating 556950 bytes
Duplicating 983252 bytes
Input data 2097152 bytes in length
Compressing Input Data, level 5
Compressed data 1434910 bytes in length
Uncompressing Data
Uncompressed data 2097152 bytes in length
Uncompressed data compared correctly
Compressing Input Data, level 7
Compressed data 1127895 bytes in length
Uncompressing Data
Uncompressed data 2097152 bytes in length
Uncompressed data compared correctly
Compressing Input Data, level 9
Compressed data 1067335 bytes in length
Uncompressing Data
Uncompressed data 2097152 bytes in length
Uncompressed data compared correctly
Tested 2MB buffer: OK!
=====performance_counters=====
25090577456 q0_0
0 q1_0
0 q2_0
7838 q0_1
0 q1_1
0 q2_1
338615342 branch_misp
3256886613 branch_res
816856215 ticks (ns)
40842809389 cycles
22723705400 instructions
1.79 CPI
38 syscalls
57 frontend_syscalls
3407916 frontend_syscall_cycles
2890398 frontend_syscall_instructions
