= black

=1 1 T7

= black

=2 1 M1

= black

=3 0

= black

=4 0

= black

=5 0

= black

=6 1 N2

= black

=7 1 S2

= black

=8 3 G8

= black

=9 0

= black

=10 1 P11

= black

=11 0

= black

=12 0

= black

=13 0

= black

=14 0

= black

=15 0

= black

=16 1 A15

= black

=17 1 G6

= black

=18 1 F6

=====performance_counters=====
582114261 q0_0
0 q1_0
0 q2_0
6027 q0_1
0 q1_1
0 q2_1
21693660 branch_misp
69249102 branch_res
21271195 ticks (ns)
1063558482 cycles
461003733 instructions
2.30 CPI
247 syscalls
319 frontend_syscalls
18367537 frontend_syscall_cycles
15252536 frontend_syscall_instructions
