spec_init
Loading Input Data
Input data 5242880 bytes in length
Compressing Input Data, level 5
Compressed data 1884648 bytes in length
Uncompressing Data
Uncompressed data 5242880 bytes in length
Uncompressed data compared correctly
Compressing Input Data, level 7
Compressed data 1950538 bytes in length
Uncompressing Data
Uncompressed data 5242880 bytes in length
Uncompressed data compared correctly
Compressing Input Data, level 9
Compressed data 1918820 bytes in length
Uncompressing Data
Uncompressed data 5242880 bytes in length
Uncompressed data compared correctly
Tested 5MB buffer: OK!
=====performance_counters=====
13900664863 q0_0
0 q1_0
0 q2_0
9631 q0_1
0 q1_1
0 q2_1
218300732 branch_misp
1550465097 branch_res
403265260 ticks (ns)
20163261755 cycles
12350666937 instructions
1.63 CPI
74 syscalls
93 frontend_syscalls
37977078 frontend_syscall_cycles
32652664 frontend_syscall_instructions
