Small Path Finding Library
Read configuration file
Create ways
lake.bin
Create regional map time : 0

Create ways time : 0
Ways quantity : 2318
Total way length : 607363

Create reg ways time : 0
Reg ways quantity : 21248
Total reg way length : 1005921

Create river ways time : 0
River ways quantity : 250
Total river way length : 39000
Create land ways time : 0
Land ways quantity : 250
Total land way length : 54956

Create ways
Random map
Create regional map time : 0

Create ways time : 0
Ways quantity : 3875
Total way length : 612234

Create reg ways time : 0
Reg ways quantity : 29222
Total reg way length : 1009555

Create river ways time : 0
River ways quantity : 0
Total river way length : 0
Create land ways time : 0
Land ways quantity : 0
Total land way length : 0

=====performance_counters=====
6492340123 q0_0
3995241721 q1_0
12380324666 q2_0
6709278071 q0_1
3369617756 q1_1
12307914601 q2_1
1386099700 branch_misp
4331792556 branch_res
1400574713 ticks (ns)
70028734406 cycles
24580182308 instructions
2.84 CPI
76 syscalls
98 frontend_syscalls
5180241 frontend_syscall_cycles
4235188 frontend_syscall_instructions
