
************************************************************

CalculiX DEVELOPMENT VERSION, Copyright(C) 1998 Guido Dhondt
CalculiX comes with ABSOLUTELY NO WARRANTY. This is free
software, and you are welcome to redistribute it under
certain conditions, see gpl.htm

************************************************************

 nload =            0
 nforc =            9
 nboun =           63
 nk =          261
 ne =           32
 ne1d =            0
 ne2d =            0
 nmpc =            1
 nset =            5
 nalset =          100
 nmat =            1
 ncmat =            2
 ntmat =            1
 npmat =            0
 norien =            0
 nam =            0
 namtot =            0
 noprint =          261
 neprint =           32
 mint =            8
 ntrans =            0
 ncs =            0
 memmpc =            1

 STEP            1

 Static analysis was selected

Decascading the MPC's

Renumbering the nodes to decrease the profile:
 old profile =            0 *2147483647+       25326
 new profile =            0 *2147483647+        7317

Determining the structure of the matrix:
number of equations
720
number of nonzero matrix elements
38178
total length of the skyline
0*2147483647+58986
percentage of nonzero skyline elements
63.943322

 Printing nodal quantities

 Printing element quantities

=====performance_counters=====
52021204 q0_0
21483250 q1_0
54112049 q2_0
60737329 q0_1
18393394 q1_1
47324484 q2_1
5720128 branch_misp
37206834 branch_res
6247733 ticks (ns)
312385444 cycles
183147416 instructions
1.70 CPI
1375 syscalls
1572 frontend_syscalls
19389697 frontend_syscall_cycles
14464922 frontend_syscall_instructions
