
MCF SPEC CPU2006 version 1.10
Copyright (c) 1998-2000 Zuse Institut Berlin (ZIB)
Copyright (c) 2000-2002 Andreas Loebel & ZIB
Copyright (c) 2003-2005 Andreas Loebel

nodes                      : 5985
active arcs                : 102404
simplex iterations         : 63475
objective value            : 3180065918
new implicit arcs          : 2393292
active arcs                : 2495696
simplex iterations         : 118645
objective value            : 2060055866
erased arcs                : 2387557
checksum                   : 2997477
done
=====performance_counters=====
1117362003 q0_0
433306649 q1_0
1333233320 q2_0
1328061265 q0_1
338044559 q1_1
1142704135 q2_1
181856060 branch_misp
885742827 branch_res
414887673 ticks (ns)
20744382494 cycles
3406997086 instructions
6.08 CPI
173 syscalls
204 frontend_syscalls
11335738 frontend_syscall_cycles
9241922 frontend_syscall_instructions
