Small Path Finding Library
Read configuration file
Create ways
lake.bin
Create regional map time : 0

Create ways time : 0
Ways quantity : 2318
Total way length : 607363

Create reg ways time : 0
Reg ways quantity : 21248
Total reg way length : 1005921

Create river ways time : 0
River ways quantity : 250
Total river way length : 39000
Create land ways time : 0
Land ways quantity : 250
Total land way length : 54956

Create ways
Random map
Create regional map time : 0

Create ways time : 0
Ways quantity : 3875
Total way length : 612234

Create reg ways time : 0
Reg ways quantity : 29222
Total reg way length : 1009555

Create river ways time : 0
River ways quantity : 0
Total river way length : 0
Create land ways time : 0
Land ways quantity : 0
Total land way length : 0

=====performance_counters=====
6459795993 q0_0
4024463049 q1_0
12379312060 q2_0
6683514490 q0_1
3393909276 q1_1
12298825392 q2_1
1389099254 branch_misp
4365887466 branch_res
1526590142 ticks (ns)
76329505882 cycles
24580026004 instructions
3.10 CPI
76 syscalls
98 frontend_syscalls
5197163 frontend_syscall_cycles
4123396 frontend_syscall_instructions
