= black

=1 1 T7

= black

=2 1 M1

= black

=3 0

= black

=4 0

= black

=5 0

= black

=6 1 N2

= black

=7 1 S2

= black

=8 3 G8

= black

=9 0

= black

=10 1 P11

= black

=11 0

= black

=12 0

= black

=13 0

= black

=14 0

= black

=15 0

= black

=16 1 A15

= black

=17 1 G6

= black

=18 1 F6

=====performance_counters=====
173679762 q0_0
55107930 q1_0
184525423 q2_0
194106048 q0_1
44355518 q1_1
159954388 q2_1
23122822 branch_misp
70699858 branch_res
20441659 ticks (ns)
1022081748 cycles
464132853 instructions
2.20 CPI
247 syscalls
319 frontend_syscalls
22569779 frontend_syscall_cycles
18571050 frontend_syscall_instructions
