
MCF SPEC CPU2006 version 1.10
Copyright (c) 1998-2000 Zuse Institut Berlin (ZIB)
Copyright (c) 2000-2002 Andreas Loebel & ZIB
Copyright (c) 2003-2005 Andreas Loebel

nodes                      : 5985
active arcs                : 102404
simplex iterations         : 63475
objective value            : 3180065918
new implicit arcs          : 2393292
active arcs                : 2495696
simplex iterations         : 118645
objective value            : 2060055866
erased arcs                : 2387557
checksum                   : 2997477
done
=====performance_counters=====
1230691520 q0_0
1764682199 q1_0
0 q2_0
1523570674 q0_1
1426866671 q1_1
0 q2_1
123215820 branch_misp
848247350 branch_res
398621198 ticks (ns)
19931058687 cycles
3406919576 instructions
5.85 CPI
173 syscalls
204 frontend_syscalls
9536286 frontend_syscall_cycles
9042530 frontend_syscall_instructions
