
MCF SPEC CPU2006 version 1.10
Copyright (c) 1998-2000 Zuse Institut Berlin (ZIB)
Copyright (c) 2000-2002 Andreas Loebel & ZIB
Copyright (c) 2003-2005 Andreas Loebel

nodes                      : 5985
active arcs                : 102404
simplex iterations         : 63475
objective value            : 3180065918
new implicit arcs          : 2393292
active arcs                : 2495696
simplex iterations         : 118645
objective value            : 2060055866
erased arcs                : 2387557
checksum                   : 2997477
done
=====performance_counters=====
17926 q0_0
607343679 q1_0
110614044 q2_0
99108 q0_1
1186078066 q1_1
257694959 q2_1
117491013 branch_misp
880611907 branch_res
562934923 ticks (ns)
28146744983 cycles
3403643996 instructions
8.26 CPI
173 syscalls
204 frontend_syscalls
9598788 frontend_syscall_cycles
5732632 frontend_syscall_instructions
