spec_init
Loading Input Data
Duplicating 278475 bytes
Duplicating 556950 bytes
Duplicating 983252 bytes
Input data 2097152 bytes in length
Compressing Input Data, level 5
Compressed data 1434910 bytes in length
Uncompressing Data
Uncompressed data 2097152 bytes in length
Uncompressed data compared correctly
Compressing Input Data, level 7
Compressed data 1127895 bytes in length
Uncompressing Data
Uncompressed data 2097152 bytes in length
Uncompressed data compared correctly
Compressing Input Data, level 9
Compressed data 1067335 bytes in length
Uncompressing Data
Uncompressed data 2097152 bytes in length
Uncompressed data compared correctly
Tested 2MB buffer: OK!
=====performance_counters=====
10550054559 q0_0
0 q1_0
0 q2_0
10516192236 q0_1
0 q1_1
0 q2_1
369555404 branch_misp
3615301317 branch_res
422053244 ticks (ns)
21102661199 cycles
22722427410 instructions
0.92 CPI
38 syscalls
57 frontend_syscalls
3397331 frontend_syscall_cycles
1566408 frontend_syscall_instructions
