= black

=1 1 T7

= black

=2 1 M1

= black

=3 0

= black

=4 0

= black

=5 0

= black

=6 1 N2

= black

=7 1 S2

= black

=8 3 G8

= black

=9 0

= black

=10 1 P11

= black

=11 0

= black

=12 0

= black

=13 0

= black

=14 0

= black

=15 0

= black

=16 1 A15

= black

=17 1 G6

= black

=18 1 F6

=====performance_counters=====
330658139 q0_0
0 q1_0
0 q2_0
329792384 q0_1
0 q1_1
0 q2_1
33816801 branch_misp
74469793 branch_res
18019816 ticks (ns)
900989726 cycles
459551263 instructions
1.96 CPI
247 syscalls
319 frontend_syscalls
18221458 frontend_syscall_cycles
8656852 frontend_syscall_instructions
